<?xml version="1.0" encoding="UTF-8"?>
<!-- Generated by org.testng.reporters.JUnitReportReporter -->
<testsuite hostname="LAPTOP-U9JM6QUT" failures="0" tests="1" name="rmgYantra.postReqUsingJsonFile" time="1.353" errors="0" timestamp="16 Dec 2022 06:01:27 GMT" skipped="0">
  <testcase classname="rmgYantra.postReqUsingJsonFile" name="createUsingJsonFile" time="1.353"/>
</testsuite> <!-- rmgYantra.postReqUsingJsonFile -->
