<?xml version="1.0" encoding="UTF-8"?>
<!-- Generated by org.testng.reporters.JUnitReportReporter -->
<testsuite hostname="LAPTOP-U9JM6QUT" failures="0" tests="1" name="usingDataBase.UsingDbTest" time="2.371" errors="0" timestamp="19 Dec 2022 11:45:54 GMT" skipped="0">
  <testcase classname="usingDataBase.UsingDbTest" name="verifyDb" time="2.371"/>
</testsuite> <!-- usingDataBase.UsingDbTest -->
