<?xml version="1.0" encoding="UTF-8"?>
<!-- Generated by org.testng.reporters.JUnitReportReporter -->
<testsuite hostname="LAPTOP-U9JM6QUT" failures="0" tests="1" name="rmgtestYantawithBdd.PostUsingFacker" time="2.069" errors="0" timestamp="16 Dec 2022 09:36:01 GMT" skipped="0">
  <testcase classname="rmgtestYantawithBdd.PostUsingFacker" name="usingFacker" time="2.069"/>
</testsuite> <!-- rmgtestYantawithBdd.PostUsingFacker -->
