<?xml version="1.0" encoding="UTF-8"?>
<!-- Generated by org.testng.reporters.JUnitReportReporter -->
<testsuite hostname="LAPTOP-U9JM6QUT" failures="0" tests="1" name="usingDataBase.CreateAndVerifyInDb" time="2.400" errors="0" timestamp="19 Dec 2022 10:26:21 GMT" skipped="0">
  <testcase classname="usingDataBase.CreateAndVerifyInDb" name="createRequest" time="2.400"/>
</testsuite> <!-- usingDataBase.CreateAndVerifyInDb -->
