<?xml version="1.0" encoding="UTF-8"?>
<!-- Generated by org.testng.reporters.JUnitReportReporter -->
<testsuite hostname="LAPTOP-U9JM6QUT" failures="0" tests="1" name="rmgtestYantawithBdd.PostReqWithBdd" time="1.550" errors="0" timestamp="16 Dec 2022 06:19:15 GMT" skipped="0">
  <testcase classname="rmgtestYantawithBdd.PostReqWithBdd" name="PostReqWithBdd" time="1.550"/>
</testsuite> <!-- rmgtestYantawithBdd.PostReqWithBdd -->
