<?xml version="1.0" encoding="UTF-8"?>
<!-- Generated by org.testng.reporters.JUnitReportReporter -->
<testsuite hostname="LAPTOP-U9JM6QUT" failures="0" tests="1" name="rmgtestYantawithBdd.PostReqUsingHasmap" time="1.574" errors="0" timestamp="16 Dec 2022 06:28:29 GMT" skipped="0">
  <testcase classname="rmgtestYantawithBdd.PostReqUsingHasmap" name="postReqUsingHashmap" time="1.574"/>
</testsuite> <!-- rmgtestYantawithBdd.PostReqUsingHasmap -->
