<?xml version="1.0" encoding="UTF-8"?>
<!-- Generated by org.testng.reporters.JUnitReportReporter -->
<testsuite hostname="LAPTOP-U9JM6QUT" failures="0" tests="2" name="rmgtestYantawithBdd.UsingDataProvider" time="1.647" errors="0" timestamp="16 Dec 2022 07:14:48 GMT" skipped="0">
  <testcase classname="rmgtestYantawithBdd.UsingDataProvider" name="postUsingDataProvider" time="0.032"/>
  <testcase classname="rmgtestYantawithBdd.UsingDataProvider" name="postUsingDataProvider" time="1.615"/>
</testsuite> <!-- rmgtestYantawithBdd.UsingDataProvider -->
