<?xml version="1.0" encoding="UTF-8"?>
<!-- Generated by org.testng.reporters.JUnitReportReporter -->
<testsuite hostname="LAPTOP-U9JM6QUT" failures="0" tests="1" name="usingDataBase.UsingBaseApiTest" time="2.243" errors="0" timestamp="2022-12-19T17:59:32 IST" skipped="0">
  <testcase classname="usingDataBase.UsingBaseApiTest" name="createRequest" time="2.243"/>
  <system-out/>
</testsuite> <!-- usingDataBase.UsingBaseApiTest -->
