<?xml version="1.0" encoding="UTF-8"?>
<!-- Generated by org.testng.reporters.JUnitReportReporter -->
<testsuite hostname="LAPTOP-U9JM6QUT" failures="0" tests="1" name="rmgYantra.PostRequestWithoutBdd" time="2.199" errors="0" timestamp="16 Dec 2022 05:29:56 GMT" skipped="0">
  <testcase classname="rmgYantra.PostRequestWithoutBdd" name="createReqest" time="2.199"/>
</testsuite> <!-- rmgYantra.PostRequestWithoutBdd -->
