<?xml version="1.0" encoding="UTF-8"?>
<!-- Generated by org.testng.reporters.JUnitReportReporter -->
<testsuite hostname="LAPTOP-U9JM6QUT" failures="0" tests="1" name="rmgYantra.PostReqByHashmap" time="1.747" errors="0" timestamp="16 Dec 2022 05:53:30 GMT" skipped="0">
  <testcase classname="rmgYantra.PostReqByHashmap" name="createRequest" time="1.747"/>
</testsuite> <!-- rmgYantra.PostReqByHashmap -->
