<?xml version="1.0" encoding="UTF-8"?>
<!-- Generated by org.testng.reporters.JUnitReportReporter -->
<testsuite hostname="LAPTOP-U9JM6QUT" failures="0" tests="1" name="usingDataBase.CreateUpdateAndDelete" time="2.171" errors="0" timestamp="19 Dec 2022 09:57:59 GMT" skipped="0">
  <testcase classname="usingDataBase.CreateUpdateAndDelete" name="createRequest" time="2.171"/>
</testsuite> <!-- usingDataBase.CreateUpdateAndDelete -->
